<?xml version="1.0" encoding="UTF-8"?>
<!-- Generated by org.testng.reporters.JUnitReportReporter -->
<testsuite hostname="LAPTOP-G84ET01R" failures="0" tests="1" name="org.test_scripts.verifyCreateUsers" time="14.609" errors="0" timestamp="2024-05-12T01:01:05 IST" skipped="0">
  <testcase classname="org.test_scripts.verifyCreateUsers" name="createUsers" time="14.609"/>
</testsuite> <!-- org.test_scripts.verifyCreateUsers -->
