<?xml version="1.0" encoding="UTF-8"?>
<!-- Generated by org.testng.reporters.JUnitReportReporter -->
<testsuite hostname="LAPTOP-G84ET01R" failures="0" tests="1" name="org.test_scripts.verifyCustomerCreation" time="21.736" errors="0" timestamp="2024-05-12T03:09:23 IST" skipped="0">
  <testcase classname="org.test_scripts.verifyCustomerCreation" name="createCustomer" time="21.736"/>
</testsuite> <!-- org.test_scripts.verifyCustomerCreation -->
