<?xml version="1.0" encoding="UTF-8"?>
<!-- Generated by org.testng.reporters.JUnitReportReporter -->
<testsuite hostname="LAPTOP-G84ET01R" failures="0" tests="3" name="org.page_objects.LoginPage" time="3.494" errors="0" timestamp="2024-05-10T16:15:55 IST" skipped="0">
  <testcase classname="org.page_objects.LoginPage" name="clickLogin" time="2.519"/>
  <testcase classname="org.page_objects.LoginPage" name="enterpass" time="0.427"/>
  <testcase classname="org.page_objects.LoginPage" name="enteruname" time="0.548"/>
</testsuite> <!-- org.page_objects.LoginPage -->
