<?xml version="1.0" encoding="UTF-8"?>
<!-- Generated by org.testng.reporters.JUnitReportReporter -->
<testsuite hostname="LAPTOP-G84ET01R" failures="0" tests="1" name="org.test_scripts.verifyLogIn" time="5.428" errors="0" timestamp="2024-05-10T23:57:13 IST" skipped="0">
  <testcase classname="org.test_scripts.verifyLogIn" name="verifyLogin" time="5.428"/>
</testsuite> <!-- org.test_scripts.verifyLogIn -->
